<?xml version="1.0" encoding="UTF-8"?>
<testng-results skipped="0" failed="0" ignored="0" total="1" passed="1">
  <reporter-output>
  </reporter-output>
  <suite name="Default suite" duration-ms="162619" started-at="2022-11-09T03:31:58Z" finished-at="2022-11-09T03:34:41Z">
    <groups>
    </groups>
    <test name="Default test" duration-ms="162619" started-at="2022-11-09T03:31:58Z" finished-at="2022-11-09T03:34:41Z">
      <class name="holidaypackage.makemytrip1">
        <test-method status="PASS" signature="beforetest()[pri:0, instance:holidaypackage.makemytrip1@73ad2d6]" name="beforetest" is-config="true" duration-ms="18638" started-at="2022-11-09T03:31:58Z" finished-at="2022-11-09T03:32:17Z">
          <reporter-output>
          </reporter-output>
        </test-method> <!-- beforetest -->
        <test-method status="PASS" signature="test()[pri:0, instance:holidaypackage.makemytrip1@73ad2d6]" name="test" duration-ms="143919" started-at="2022-11-09T03:32:17Z" finished-at="2022-11-09T03:34:41Z">
          <reporter-output>
          </reporter-output>
        </test-method> <!-- test -->
      </class> <!-- holidaypackage.makemytrip1 -->
    </test> <!-- Default test -->
  </suite> <!-- Default suite -->
</testng-results>
